<?xml version="1.0" encoding="UTF-8"?>
<testng-results skipped="0" failed="0" ignored="0" total="1" passed="1">
  <reporter-output>
  </reporter-output>
  <suite name="Default suite" duration-ms="43487" started-at="2021-07-05T15:01:25Z" finished-at="2021-07-05T15:02:09Z">
    <groups>
    </groups>
    <test name="Default test" duration-ms="43487" started-at="2021-07-05T15:01:25Z" finished-at="2021-07-05T15:02:09Z">
      <class name="Com.Testcases.TC_FlipcartloginPage">
        <test-method status="PASS" signature="setupsuit()[pri:0, instance:Com.Testcases.TC_FlipcartloginPage@39c0f4a]" name="setupsuit" is-config="true" duration-ms="1769" started-at="2021-07-05T15:01:23Z" finished-at="2021-07-05T15:01:25Z">
          <reporter-output>
          </reporter-output>
        </test-method> <!-- setupsuit -->
        <test-method status="PASS" signature="setup()[pri:0, instance:Com.Testcases.TC_FlipcartloginPage@39c0f4a]" name="setup" is-config="true" duration-ms="14574" started-at="2021-07-05T15:01:25Z" finished-at="2021-07-05T15:01:40Z">
          <reporter-output>
          </reporter-output>
        </test-method> <!-- setup -->
        <test-method status="PASS" signature="logintest()[pri:0, instance:Com.Testcases.TC_FlipcartloginPage@39c0f4a]" name="logintest" duration-ms="22071" started-at="2021-07-05T15:01:40Z" finished-at="2021-07-05T15:02:02Z">
          <reporter-output>
          </reporter-output>
        </test-method> <!-- logintest -->
        <test-method status="PASS" signature="teardownmethod(org.testng.ITestResult)[pri:0, instance:Com.Testcases.TC_FlipcartloginPage@39c0f4a]" name="teardownmethod" is-config="true" duration-ms="1305" started-at="2021-07-05T15:02:02Z" finished-at="2021-07-05T15:02:03Z">
          <params>
            <param index="0">
              <value>
                <![CDATA[[TestResult name=logintest status=SUCCESS method=TC_FlipcartloginPage.logintest()[pri:0, instance:Com.Testcases.TC_FlipcartloginPage@39c0f4a] output={null}]]]>
              </value>
            </param>
          </params>
          <reporter-output>
          </reporter-output>
        </test-method> <!-- teardownmethod -->
        <test-method status="PASS" signature="teardown()[pri:0, instance:Com.Testcases.TC_FlipcartloginPage@39c0f4a]" name="teardown" is-config="true" duration-ms="5487" started-at="2021-07-05T15:02:03Z" finished-at="2021-07-05T15:02:09Z">
          <reporter-output>
          </reporter-output>
        </test-method> <!-- teardown -->
      </class> <!-- Com.Testcases.TC_FlipcartloginPage -->
    </test> <!-- Default test -->
  </suite> <!-- Default suite -->
</testng-results>
